<?xml version="1.0" encoding="UTF-8"?>
<!-- Generated by org.testng.reporters.JUnitReportReporter -->
<testsuite hostname="DESKTOP-RD4TDOP" failures="0" tests="2" name="OrganizatoinTests.ToCreateOrgWithTypeTest" time="54.297" errors="0" timestamp="2025-03-24T21:50:22 IST" skipped="0">
  <testcase classname="OrganizatoinTests.ToCreateOrgWithTypeTest" name="toCreateOrgWithType" time="26.742"/>
  <system-out/>
  <testcase classname="OrganizatoinTests.ToCreateOrgWithTypeTest" name="toCreateOrgWithType" time="27.555"/>
  <system-out/>
</testsuite> <!-- OrganizatoinTests.ToCreateOrgWithTypeTest -->
