<?xml version="1.0" encoding="UTF-8"?>
<!-- Generated by org.testng.reporters.JUnitReportReporter -->
<testsuite hostname="DESKTOP-RD4TDOP" failures="0" tests="1" name="ContactTests.ToCreateContactWithOrgtTest" time="30.164" errors="0" timestamp="2025-04-05T10:55:12 IST" skipped="0">
  <testcase classname="ContactTests.ToCreateContactWithOrgtTest" name="toCreateContactWithOrg" time="30.164"/>
  <system-out>
    <![CDATA[[ CON9 ] Tripathy - Contact Informationadded succesfully]]>
  </system-out>
</testsuite> <!-- ContactTests.ToCreateContactWithOrgtTest -->
